<?xml version="1.0" encoding="UTF-8"?>
<testng-results ignored="0" total="1" passed="1" failed="0" skipped="0">
  <reporter-output>
  </reporter-output>
  <suite started-at="2020-04-13T14:57:09Z" name="Default suite" finished-at="2020-04-13T14:57:19Z" duration-ms="10044">
    <groups>
    </groups>
    <test started-at="2020-04-13T14:57:09Z" name="Default test" finished-at="2020-04-13T14:57:19Z" duration-ms="10044">
      <class name="viewHistory.TC_MMP_PAT_LOG_004">
        <test-method signature="adminLogin()[pri:0, instance:viewHistory.TC_MMP_PAT_LOG_004@5049d8b2]" started-at="2020-04-13T14:57:09Z" name="adminLogin" finished-at="2020-04-13T14:57:19Z" duration-ms="10022" status="PASS">
          <reporter-output>
          </reporter-output>
        </test-method> <!-- adminLogin -->
      </class> <!-- viewHistory.TC_MMP_PAT_LOG_004 -->
    </test> <!-- Default test -->
  </suite> <!-- Default suite -->
</testng-results>
